{"C:\\Users\\eduar\\Desktop\\ProjetoApi\\src\\bancoDeDados.js": {"path":"C:\\Users\\eduar\\Desktop\\ProjetoApi\\src\\bancoDeDados.js","statementMap":{"0":{"start":{"line":1,"column":12},"end":{"line":47,"column":1}},"1":{"start":{"line":59,"column":2},"end":{"line":59,"column":19}},"2":{"start":{"line":60,"column":2},"end":{"line":60,"column":14}},"3":{"start":{"line":64,"column":2},"end":{"line":64,"column":25}},"4":{"start":{"line":68,"column":2},"end":{"line":68,"column":30}},"5":{"start":{"line":72,"column":2},"end":{"line":72,"column":33}},"6":{"start":{"line":73,"column":2},"end":{"line":73,"column":19}},"7":{"start":{"line":86,"column":15},"end":{"line":86,"column":54}},"8":{"start":{"line":86,"column":31},"end":{"line":86,"column":53}},"9":{"start":{"line":87,"column":16},"end":{"line":87,"column":60}},"10":{"start":{"line":87,"column":37},"end":{"line":87,"column":59}},"11":{"start":{"line":88,"column":2},"end":{"line":88,"column":25}},"12":{"start":{"line":89,"column":2},"end":{"line":89,"column":14}},"13":{"start":{"line":92,"column":0},"end":{"line":92,"column":63}}},"fnMap":{"0":{"name":"salvarUser","decl":{"start":{"line":56,"column":9},"end":{"line":56,"column":19}},"loc":{"start":{"line":56,"column":26},"end":{"line":61,"column":1}},"line":56},"1":{"name":"getUser","decl":{"start":{"line":63,"column":9},"end":{"line":63,"column":16}},"loc":{"start":{"line":63,"column":21},"end":{"line":65,"column":1}},"line":63},"2":{"name":"getUsers","decl":{"start":{"line":67,"column":9},"end":{"line":67,"column":17}},"loc":{"start":{"line":67,"column":20},"end":{"line":69,"column":1}},"line":67},"3":{"name":"removeUser","decl":{"start":{"line":71,"column":9},"end":{"line":71,"column":19}},"loc":{"start":{"line":71,"column":25},"end":{"line":90,"column":1}},"line":71},"4":{"name":"(anonymous_4)","decl":{"start":{"line":86,"column":26},"end":{"line":86,"column":27}},"loc":{"start":{"line":86,"column":31},"end":{"line":86,"column":53}},"line":86},"5":{"name":"(anonymous_5)","decl":{"start":{"line":87,"column":32},"end":{"line":87,"column":33}},"loc":{"start":{"line":87,"column":37},"end":{"line":87,"column":59}},"line":87}},"branchMap":{"0":{"loc":{"start":{"line":64,"column":9},"end":{"line":64,"column":24}},"type":"binary-expr","locations":[{"start":{"line":64,"column":9},"end":{"line":64,"column":18}},{"start":{"line":64,"column":22},"end":{"line":64,"column":24}}],"line":64}},"s":{"0":1,"1":1,"2":1,"3":0,"4":0,"5":3,"6":3,"7":3,"8":9,"9":3,"10":9,"11":3,"12":3,"13":1},"f":{"0":1,"1":0,"2":0,"3":3,"4":9,"5":9},"b":{"0":[0,0]},"_coverageSchema":"1a1c01bbd47fc00a2c39e90264f33305004495a9","hash":"3b9f42784826066da7b3e0571c12f30dacbcf137"}
}
